app/build/intermediates/manifest_merge_blame_file/debug/manifest-merger-blame-debug-report.txt
1<?xml version="1.0" encoding="utf-8"?>
2<manifest xmlns:android="http://schemas.android.com/apk/res/android"
3    package="com.e.mycalisthenics"
4    android:versionCode="1"
5    android:versionName="1.0" >
6
7    <uses-sdk
8        android:minSdkVersion="23"
8-->src\main\AndroidManifest.xml
9        android:targetSdkVersion="29" />
9-->src\main\AndroidManifest.xml
10
11    <uses-permission android:name="android.permission.INTERNET" />
11-->src\main\AndroidManifest.xml:5:5-67
11-->src\main\AndroidManifest.xml:5:22-64
12    <uses-permission android:name="android.permission.ACCESS_NETWORK_STATE" />
12-->[com.google.firebase:firebase-auth:20.0.1] AndroidManifest.xml:24:5-79
12-->[com.google.firebase:firebase-auth:20.0.1] AndroidManifest.xml:24:22-76
13    <uses-permission android:name="android.permission.WAKE_LOCK" />
13-->[com.google.android.gms:play-services-measurement-api:18.0.0] AndroidManifest.xml:24:5-68
13-->[com.google.android.gms:play-services-measurement-api:18.0.0] AndroidManifest.xml:24:22-65
14    <uses-permission android:name="com.google.android.finsky.permission.BIND_GET_INSTALL_REFERRER_SERVICE" />
14-->[com.google.android.gms:play-services-measurement:18.0.0] AndroidManifest.xml:26:5-110
14-->[com.google.android.gms:play-services-measurement:18.0.0] AndroidManifest.xml:26:22-107
15
16    <application
16-->src\main\AndroidManifest.xml:7:5-52:19
17        android:allowBackup="true"
17-->src\main\AndroidManifest.xml:8:9-35
18        android:appComponentFactory="androidx.core.app.CoreComponentFactory"
18-->[androidx.core:core:1.3.1] AndroidManifest.xml:24:18-86
19        android:debuggable="true"
20        android:extractNativeLibs="false"
21        android:icon="@mipmap/ic_launcher"
21-->src\main\AndroidManifest.xml:9:9-43
22        android:label="@string/app_name"
22-->src\main\AndroidManifest.xml:10:9-41
23        android:roundIcon="@mipmap/ic_launcher_round"
23-->src\main\AndroidManifest.xml:11:9-54
24        android:supportsRtl="true"
24-->src\main\AndroidManifest.xml:12:9-35
25        android:testOnly="true"
26        android:theme="@style/AppTheme" >
26-->src\main\AndroidManifest.xml:13:9-40
27
28        <!-- maybe delete  screenOrientation and windowSoftInputMode -->
29        <activity
29-->src\main\AndroidManifest.xml:15:9-18:20
30            android:name="com.e.mycalisthenics.ROOMCreateNotes.CreateANoteActivity"
30-->src\main\AndroidManifest.xml:15:19-70
31            android:screenOrientation="portrait"
31-->src\main\AndroidManifest.xml:16:13-49
32            android:windowSoftInputMode="stateHidden" >
32-->src\main\AndroidManifest.xml:17:13-54
33        </activity>
34        <!-- maybe delete screenOrientation and windowSoftInputMode -->
35        <activity
35-->src\main\AndroidManifest.xml:20:9-22:56
36            android:name="com.e.mycalisthenics.ROOMCreateNotes.NoteActivity"
36-->src\main\AndroidManifest.xml:20:19-63
37            android:screenOrientation="portrait"
37-->src\main\AndroidManifest.xml:21:13-49
38            android:windowSoftInputMode="stateHidden" />
38-->src\main\AndroidManifest.xml:22:13-54
39        <activity
39-->src\main\AndroidManifest.xml:23:9-25:46
40            android:name="com.e.mycalisthenics.ExerciseLibrary.ExerciseLibraryActivity"
40-->src\main\AndroidManifest.xml:24:13-68
41            android:label="Youtube Player" />
41-->src\main\AndroidManifest.xml:25:13-43
42        <activity
42-->src\main\AndroidManifest.xml:26:9-28:52
43            android:name="com.e.mycalisthenics.ExerciseLibrary.PlayBtnActivity"
43-->src\main\AndroidManifest.xml:27:13-60
44            android:label="Play Button Activity" />
44-->src\main\AndroidManifest.xml:28:13-49
45        <activity android:name="com.e.mycalisthenics.WeeklyWorkoutSchedule.daysDetailActivity" />
45-->src\main\AndroidManifest.xml:29:9-78
45-->src\main\AndroidManifest.xml:29:19-75
46        <activity android:name="com.e.mycalisthenics.MainScreen.ExerciseActivity" />
46-->src\main\AndroidManifest.xml:31:9-65
46-->src\main\AndroidManifest.xml:31:19-62
47        <activity android:name="com.e.mycalisthenics.LoginScreen.RegisterActivity" >
47-->src\main\AndroidManifest.xml:32:9-38:20
47-->src\main\AndroidManifest.xml:32:19-63
48            <intent-filter>
48-->src\main\AndroidManifest.xml:33:13-37:29
49                <action android:name="android.intent.action.MAIN" />
49-->src\main\AndroidManifest.xml:34:17-69
49-->src\main\AndroidManifest.xml:34:25-66
50
51                <category android:name="android.intent.category.LAUNCHER" />
51-->src\main\AndroidManifest.xml:36:17-77
51-->src\main\AndroidManifest.xml:36:27-74
52            </intent-filter>
53        </activity>
54        <activity android:name="com.e.mycalisthenics.LoginScreen.LoginActivity" />
54-->src\main\AndroidManifest.xml:39:9-63
54-->src\main\AndroidManifest.xml:39:19-60
55        <activity android:name="com.e.mycalisthenics.MainScreen.MainActivity" >
55-->src\main\AndroidManifest.xml:40:9-46:20
55-->src\main\AndroidManifest.xml:40:19-58
56            <intent-filter>
56-->src\main\AndroidManifest.xml:33:13-37:29
57                <action android:name="android.intent.action.MAIN" />
57-->src\main\AndroidManifest.xml:34:17-69
57-->src\main\AndroidManifest.xml:34:25-66
58
59                <category android:name="android.intent.category.LAUNCHER" />
59-->src\main\AndroidManifest.xml:36:17-77
59-->src\main\AndroidManifest.xml:36:27-74
60            </intent-filter>
61        </activity>
62        <activity android:name="com.e.mycalisthenics.WeeklyWorkoutSchedule.DaysActivity" />
62-->src\main\AndroidManifest.xml:47:9-72
62-->src\main\AndroidManifest.xml:47:19-69
63
64        <meta-data
64-->src\main\AndroidManifest.xml:49:9-51:57
65            android:name="preloaded_fonts"
65-->src\main\AndroidManifest.xml:50:13-43
66            android:resource="@array/preloaded_fonts" />
66-->src\main\AndroidManifest.xml:51:13-54
67
68        <activity
68-->[com.google.firebase:firebase-auth:20.0.1] AndroidManifest.xml:27:9-44:20
69            android:name="com.google.firebase.auth.internal.GenericIdpActivity"
69-->[com.google.firebase:firebase-auth:20.0.1] AndroidManifest.xml:28:13-80
70            android:excludeFromRecents="true"
70-->[com.google.firebase:firebase-auth:20.0.1] AndroidManifest.xml:29:13-46
71            android:exported="true"
71-->[com.google.firebase:firebase-auth:20.0.1] AndroidManifest.xml:30:13-36
72            android:launchMode="singleTask"
72-->[com.google.firebase:firebase-auth:20.0.1] AndroidManifest.xml:31:13-44
73            android:theme="@android:style/Theme.Translucent.NoTitleBar" >
73-->[com.google.firebase:firebase-auth:20.0.1] AndroidManifest.xml:32:13-72
74            <intent-filter>
74-->[com.google.firebase:firebase-auth:20.0.1] AndroidManifest.xml:33:13-43:29
75                <action android:name="android.intent.action.VIEW" />
75-->[com.google.firebase:firebase-auth:20.0.1] AndroidManifest.xml:34:17-69
75-->[com.google.firebase:firebase-auth:20.0.1] AndroidManifest.xml:34:25-66
76
77                <category android:name="android.intent.category.DEFAULT" />
77-->[com.google.firebase:firebase-auth:20.0.1] AndroidManifest.xml:36:17-76
77-->[com.google.firebase:firebase-auth:20.0.1] AndroidManifest.xml:36:27-73
78                <category android:name="android.intent.category.BROWSABLE" />
78-->[com.google.firebase:firebase-auth:20.0.1] AndroidManifest.xml:37:17-78
78-->[com.google.firebase:firebase-auth:20.0.1] AndroidManifest.xml:37:27-75
79
80                <data
80-->[com.google.firebase:firebase-auth:20.0.1] AndroidManifest.xml:39:17-42:51
81                    android:host="firebase.auth"
81-->[com.google.firebase:firebase-auth:20.0.1] AndroidManifest.xml:40:21-49
82                    android:path="/"
82-->[com.google.firebase:firebase-auth:20.0.1] AndroidManifest.xml:41:21-37
83                    android:scheme="genericidp" />
83-->[com.google.firebase:firebase-auth:20.0.1] AndroidManifest.xml:42:21-48
84            </intent-filter>
85        </activity>
86        <activity
86-->[com.google.firebase:firebase-auth:20.0.1] AndroidManifest.xml:45:9-62:20
87            android:name="com.google.firebase.auth.internal.RecaptchaActivity"
87-->[com.google.firebase:firebase-auth:20.0.1] AndroidManifest.xml:46:13-79
88            android:excludeFromRecents="true"
88-->[com.google.firebase:firebase-auth:20.0.1] AndroidManifest.xml:47:13-46
89            android:exported="true"
89-->[com.google.firebase:firebase-auth:20.0.1] AndroidManifest.xml:48:13-36
90            android:launchMode="singleTask"
90-->[com.google.firebase:firebase-auth:20.0.1] AndroidManifest.xml:49:13-44
91            android:theme="@android:style/Theme.Translucent.NoTitleBar" >
91-->[com.google.firebase:firebase-auth:20.0.1] AndroidManifest.xml:50:13-72
92            <intent-filter>
92-->[com.google.firebase:firebase-auth:20.0.1] AndroidManifest.xml:51:13-61:29
93                <action android:name="android.intent.action.VIEW" />
93-->[com.google.firebase:firebase-auth:20.0.1] AndroidManifest.xml:34:17-69
93-->[com.google.firebase:firebase-auth:20.0.1] AndroidManifest.xml:34:25-66
94
95                <category android:name="android.intent.category.DEFAULT" />
95-->[com.google.firebase:firebase-auth:20.0.1] AndroidManifest.xml:36:17-76
95-->[com.google.firebase:firebase-auth:20.0.1] AndroidManifest.xml:36:27-73
96                <category android:name="android.intent.category.BROWSABLE" />
96-->[com.google.firebase:firebase-auth:20.0.1] AndroidManifest.xml:37:17-78
96-->[com.google.firebase:firebase-auth:20.0.1] AndroidManifest.xml:37:27-75
97
98                <data
98-->[com.google.firebase:firebase-auth:20.0.1] AndroidManifest.xml:39:17-42:51
99                    android:host="firebase.auth"
99-->[com.google.firebase:firebase-auth:20.0.1] AndroidManifest.xml:40:21-49
100                    android:path="/"
100-->[com.google.firebase:firebase-auth:20.0.1] AndroidManifest.xml:41:21-37
101                    android:scheme="recaptcha" />
101-->[com.google.firebase:firebase-auth:20.0.1] AndroidManifest.xml:42:21-48
102            </intent-filter>
103        </activity>
104
105        <service
105-->[com.google.firebase:firebase-auth:20.0.1] AndroidManifest.xml:64:9-73:19
106            android:name="com.google.firebase.auth.api.fallback.service.FirebaseAuthFallbackService"
106-->[com.google.firebase:firebase-auth:20.0.1] AndroidManifest.xml:65:13-101
107            android:enabled="true"
107-->[com.google.firebase:firebase-auth:20.0.1] AndroidManifest.xml:66:13-35
108            android:exported="false" >
108-->[com.google.firebase:firebase-auth:20.0.1] AndroidManifest.xml:67:13-37
109            <intent-filter>
109-->[com.google.firebase:firebase-auth:20.0.1] AndroidManifest.xml:68:13-72:29
110                <action android:name="com.google.firebase.auth.api.gms.service.START" />
110-->[com.google.firebase:firebase-auth:20.0.1] AndroidManifest.xml:69:17-89
110-->[com.google.firebase:firebase-auth:20.0.1] AndroidManifest.xml:69:25-86
111
112                <category android:name="android.intent.category.DEFAULT" />
112-->[com.google.firebase:firebase-auth:20.0.1] AndroidManifest.xml:36:17-76
112-->[com.google.firebase:firebase-auth:20.0.1] AndroidManifest.xml:36:27-73
113            </intent-filter>
114        </service>
115        <service
115-->[com.google.firebase:firebase-auth:20.0.1] AndroidManifest.xml:74:9-80:19
116            android:name="com.google.firebase.components.ComponentDiscoveryService"
116-->[com.google.firebase:firebase-auth:20.0.1] AndroidManifest.xml:75:13-84
117            android:directBootAware="true"
117-->[com.google.firebase:firebase-common:19.4.0] AndroidManifest.xml:35:13-43
118            android:exported="false" >
118-->[com.google.firebase:firebase-auth:20.0.1] AndroidManifest.xml:76:13-37
119            <meta-data
119-->[com.google.firebase:firebase-auth:20.0.1] AndroidManifest.xml:77:13-79:85
120                android:name="com.google.firebase.components:com.google.firebase.auth.FirebaseAuthRegistrar"
120-->[com.google.firebase:firebase-auth:20.0.1] AndroidManifest.xml:78:17-109
121                android:value="com.google.firebase.components.ComponentRegistrar" />
121-->[com.google.firebase:firebase-auth:20.0.1] AndroidManifest.xml:79:17-82
122            <meta-data
122-->[com.google.android.gms:play-services-measurement-api:18.0.0] AndroidManifest.xml:30:13-32:85
123                android:name="com.google.firebase.components:com.google.firebase.analytics.connector.internal.AnalyticsConnectorRegistrar"
123-->[com.google.android.gms:play-services-measurement-api:18.0.0] AndroidManifest.xml:31:17-139
124                android:value="com.google.firebase.components.ComponentRegistrar" />
124-->[com.google.android.gms:play-services-measurement-api:18.0.0] AndroidManifest.xml:32:17-82
125            <meta-data
125-->[com.google.firebase:firebase-installations:16.3.4] AndroidManifest.xml:18:13-20:85
126                android:name="com.google.firebase.components:com.google.firebase.installations.FirebaseInstallationsRegistrar"
126-->[com.google.firebase:firebase-installations:16.3.4] AndroidManifest.xml:19:17-127
127                android:value="com.google.firebase.components.ComponentRegistrar" />
127-->[com.google.firebase:firebase-installations:16.3.4] AndroidManifest.xml:20:17-82
128        </service>
129
130        <activity
130-->[com.google.android.gms:play-services-base:17.1.0] AndroidManifest.xml:23:9-26:75
131            android:name="com.google.android.gms.common.api.GoogleApiActivity"
131-->[com.google.android.gms:play-services-base:17.1.0] AndroidManifest.xml:24:13-79
132            android:exported="false"
132-->[com.google.android.gms:play-services-base:17.1.0] AndroidManifest.xml:25:13-37
133            android:theme="@android:style/Theme.Translucent.NoTitleBar" />
133-->[com.google.android.gms:play-services-base:17.1.0] AndroidManifest.xml:26:13-72
134
135        <provider
135-->[com.google.firebase:firebase-common:19.4.0] AndroidManifest.xml:26:9-31:39
136            android:name="com.google.firebase.provider.FirebaseInitProvider"
136-->[com.google.firebase:firebase-common:19.4.0] AndroidManifest.xml:27:13-77
137            android:authorities="com.e.mycalisthenics.firebaseinitprovider"
137-->[com.google.firebase:firebase-common:19.4.0] AndroidManifest.xml:28:13-72
138            android:directBootAware="true"
138-->[com.google.firebase:firebase-common:19.4.0] AndroidManifest.xml:29:13-43
139            android:exported="false"
139-->[com.google.firebase:firebase-common:19.4.0] AndroidManifest.xml:30:13-37
140            android:initOrder="100" />
140-->[com.google.firebase:firebase-common:19.4.0] AndroidManifest.xml:31:13-36
141
142        <receiver
142-->[com.google.android.gms:play-services-measurement:18.0.0] AndroidManifest.xml:29:9-33:20
143            android:name="com.google.android.gms.measurement.AppMeasurementReceiver"
143-->[com.google.android.gms:play-services-measurement:18.0.0] AndroidManifest.xml:30:13-85
144            android:enabled="true"
144-->[com.google.android.gms:play-services-measurement:18.0.0] AndroidManifest.xml:31:13-35
145            android:exported="false" >
145-->[com.google.android.gms:play-services-measurement:18.0.0] AndroidManifest.xml:32:13-37
146        </receiver>
147
148        <service
148-->[com.google.android.gms:play-services-measurement:18.0.0] AndroidManifest.xml:35:9-38:40
149            android:name="com.google.android.gms.measurement.AppMeasurementService"
149-->[com.google.android.gms:play-services-measurement:18.0.0] AndroidManifest.xml:36:13-84
150            android:enabled="true"
150-->[com.google.android.gms:play-services-measurement:18.0.0] AndroidManifest.xml:37:13-35
151            android:exported="false" />
151-->[com.google.android.gms:play-services-measurement:18.0.0] AndroidManifest.xml:38:13-37
152        <service
152-->[com.google.android.gms:play-services-measurement:18.0.0] AndroidManifest.xml:39:9-43:72
153            android:name="com.google.android.gms.measurement.AppMeasurementJobService"
153-->[com.google.android.gms:play-services-measurement:18.0.0] AndroidManifest.xml:40:13-87
154            android:enabled="true"
154-->[com.google.android.gms:play-services-measurement:18.0.0] AndroidManifest.xml:41:13-35
155            android:exported="false"
155-->[com.google.android.gms:play-services-measurement:18.0.0] AndroidManifest.xml:42:13-37
156            android:permission="android.permission.BIND_JOB_SERVICE" />
156-->[com.google.android.gms:play-services-measurement:18.0.0] AndroidManifest.xml:43:13-69
157
158        <meta-data
158-->[com.google.android.gms:play-services-basement:17.1.0] AndroidManifest.xml:23:9-25:69
159            android:name="com.google.android.gms.version"
159-->[com.google.android.gms:play-services-basement:17.1.0] AndroidManifest.xml:24:13-58
160            android:value="@integer/google_play_services_version" />
160-->[com.google.android.gms:play-services-basement:17.1.0] AndroidManifest.xml:25:13-66
161
162        <service
162-->[androidx.room:room-runtime:2.2.5] AndroidManifest.xml:25:9-28:40
163            android:name="androidx.room.MultiInstanceInvalidationService"
163-->[androidx.room:room-runtime:2.2.5] AndroidManifest.xml:26:13-74
164            android:directBootAware="true"
164-->[androidx.room:room-runtime:2.2.5] AndroidManifest.xml:27:13-43
165            android:exported="false" />
165-->[androidx.room:room-runtime:2.2.5] AndroidManifest.xml:28:13-37
166
167        <provider
167-->[androidx.lifecycle:lifecycle-process:2.0.0] AndroidManifest.xml:23:9-27:43
168            android:name="androidx.lifecycle.ProcessLifecycleOwnerInitializer"
168-->[androidx.lifecycle:lifecycle-process:2.0.0] AndroidManifest.xml:24:13-79
169            android:authorities="com.e.mycalisthenics.lifecycle-process"
169-->[androidx.lifecycle:lifecycle-process:2.0.0] AndroidManifest.xml:25:13-69
170            android:exported="false"
170-->[androidx.lifecycle:lifecycle-process:2.0.0] AndroidManifest.xml:26:13-37
171            android:multiprocess="true" />
171-->[androidx.lifecycle:lifecycle-process:2.0.0] AndroidManifest.xml:27:13-40
172    </application>
173
174</manifest>